2025-08-06 19:14:01 [@d4eab1fbd493]
External #1: Nothing to launch
2025-08-06 19:15:02 [@d4eab1fbd493]
External #1: Nothing to launch
2025-08-06 19:16:01 [@d4eab1fbd493]
External #1: Nothing to launch
2025-08-06 19:17:01 [@d4eab1fbd493]
External #1: Nothing to launch
2025-08-06 19:18:01 [@d4eab1fbd493]
External #1: Nothing to launch
2025-08-06 19:19:01 [@d4eab1fbd493]
External #1: Nothing to launch
2025-08-06 19:20:01 [@d4eab1fbd493]
External #1: Launch pendingreason_autobump_autosolve
2025-08-06 19:21:01 [@d4eab1fbd493]
External #1: Nothing to launch
2025-08-06 19:22:01 [@d4eab1fbd493]
External #1: Nothing to launch
2025-08-06 19:23:02 [@d4eab1fbd493]
External #1: Nothing to launch
2025-08-06 19:24:01 [@d4eab1fbd493]
External #1: Nothing to launch
2025-08-06 19:25:01 [@d4eab1fbd493]
External #1: Nothing to launch
2025-08-06 19:26:01 [@d4eab1fbd493]
External #1: Nothing to launch
2025-08-06 19:27:01 [@d4eab1fbd493]
External #1: Nothing to launch
2025-08-06 19:28:01 [@d4eab1fbd493]
External #1: Nothing to launch
2025-08-06 19:29:01 [@d4eab1fbd493]
External #1: Nothing to launch
2025-08-06 19:30:01 [@d4eab1fbd493]
External #1: Nothing to launch
2025-08-06 19:31:01 [@d4eab1fbd493]
External #1: Nothing to launch
2025-08-06 19:32:02 [@d4eab1fbd493]
External #1: Nothing to launch
2025-08-06 19:33:01 [@d4eab1fbd493]
External #1: Nothing to launch
2025-08-06 19:34:01 [@d4eab1fbd493]
External #1: Nothing to launch
2025-08-06 19:35:01 [@d4eab1fbd493]
External #1: Nothing to launch
2025-08-06 19:36:01 [@d4eab1fbd493]
External #1: Nothing to launch
2025-08-06 19:37:01 [@d4eab1fbd493]
External #1: Nothing to launch
2025-08-06 19:38:01 [@d4eab1fbd493]
External #1: Nothing to launch
2025-08-06 19:39:01 [@d4eab1fbd493]
External #1: Nothing to launch
2025-08-06 19:40:01 [@d4eab1fbd493]
External #1: Nothing to launch
2025-08-06 19:41:02 [@d4eab1fbd493]
External #1: Nothing to launch
2025-08-06 19:42:01 [@d4eab1fbd493]
External #1: Nothing to launch
2025-08-06 19:42:40 [2@d4eab1fbd493]
Interne #1 : Démarrage planningrecall
2025-08-06 19:43:01 [@d4eab1fbd493]
External #1: Nothing to launch
2025-08-06 19:51:01 [@d4eab1fbd493]
External #1: Launch pendingreason_autobump_autosolve
2025-08-06 19:52:01 [@d4eab1fbd493]
External #1: Nothing to launch
2025-08-06 19:53:02 [@d4eab1fbd493]
External #1: Nothing to launch
2025-08-06 19:54:01 [@d4eab1fbd493]
External #1: Nothing to launch
2025-08-06 19:55:01 [@d4eab1fbd493]
External #1: Nothing to launch
2025-08-06 19:56:01 [@d4eab1fbd493]
External #1: Nothing to launch
2025-08-06 19:57:01 [@d4eab1fbd493]
External #1: Nothing to launch
2025-08-06 19:58:01 [@d4eab1fbd493]
External #1: Nothing to launch
2025-08-06 19:58:50 [2@d4eab1fbd493]
Interne #1 : Démarrage reservation
2025-08-06 20:08:01 [@d4eab1fbd493]
External #1: Nothing to launch
2025-08-06 20:09:02 [@d4eab1fbd493]
External #1: Nothing to launch
2025-08-06 20:09:47 [2@d4eab1fbd493]
Interne #1 : Démarrage olaticket
2025-08-06 20:15:01 [@d4eab1fbd493]
External #1: Nothing to launch
2025-08-06 20:16:01 [@d4eab1fbd493]
External #1: Nothing to launch
2025-08-06 20:17:01 [@d4eab1fbd493]
External #1: Nothing to launch
2025-08-06 20:18:01 [@d4eab1fbd493]
External #1: Nothing to launch
2025-08-06 20:23:01 [@d4eab1fbd493]
External #1: Launch pendingreason_autobump_autosolve
2025-08-06 20:24:01 [@d4eab1fbd493]
External #1: Nothing to launch
2025-08-06 20:25:01 [@d4eab1fbd493]
External #1: Nothing to launch
2025-08-06 20:26:01 [@d4eab1fbd493]
External #1: Nothing to launch
2025-08-06 20:37:35 [2@d4eab1fbd493]
Interne #1 : Démarrage RecurrentItems
2025-08-06 20:38:02 [@d4eab1fbd493]
External #1: Nothing to launch
2025-08-06 20:39:01 [@d4eab1fbd493]
External #1: Nothing to launch
2025-08-06 20:40:01 [@d4eab1fbd493]
External #1: Nothing to launch
2025-08-06 20:41:01 [@d4eab1fbd493]
External #1: Nothing to launch
2025-08-06 20:42:01 [@d4eab1fbd493]
External #1: Nothing to launch
2025-08-06 20:43:01 [@d4eab1fbd493]
External #1: Nothing to launch
2025-08-06 20:44:01 [@d4eab1fbd493]
External #1: Nothing to launch
2025-08-06 20:44:24 [2@d4eab1fbd493]
Interne #1 : Démarrage session
2025-08-06 20:45:01 [@d4eab1fbd493]
External #1: Nothing to launch
2025-08-06 20:46:01 [@d4eab1fbd493]
Internal #1: Launch createinquest
2025-08-06 20:46:01 [@d4eab1fbd493]
External #1: Nothing to launch
2025-08-06 20:46:03 [@d4eab1fbd493]
Internal #1: Launch watcher
2025-08-06 20:47:01 [@d4eab1fbd493]
External #1: Nothing to launch
2025-08-06 20:48:01 [@d4eab1fbd493]
External #1: Nothing to launch
2025-08-06 20:49:01 [@d4eab1fbd493]
External #1: Nothing to launch
2025-08-06 20:50:01 [@d4eab1fbd493]
External #1: Nothing to launch
2025-08-06 20:51:01 [@d4eab1fbd493]
External #1: Nothing to launch
2025-08-06 20:52:01 [@d4eab1fbd493]
External #1: Nothing to launch
2025-08-06 20:53:01 [@d4eab1fbd493]
External #1: Launch pendingreason_autobump_autosolve
2025-08-06 20:54:01 [@d4eab1fbd493]
External #1: Nothing to launch
2025-08-06 20:55:02 [@d4eab1fbd493]
External #1: Nothing to launch
2025-08-06 20:56:01 [@d4eab1fbd493]
External #1: Nothing to launch
2025-08-06 20:57:01 [@d4eab1fbd493]
External #1: Nothing to launch
2025-08-06 20:58:01 [@d4eab1fbd493]
External #1: Nothing to launch
2025-08-06 20:59:01 [@d4eab1fbd493]
External #1: Nothing to launch
2025-08-06 21:00:01 [@d4eab1fbd493]
External #1: Nothing to launch
2025-08-06 21:01:01 [@d4eab1fbd493]
External #1: Nothing to launch
2025-08-06 21:02:01 [@d4eab1fbd493]
External #1: Nothing to launch
2025-08-06 21:03:02 [@d4eab1fbd493]
External #1: Nothing to launch
2025-08-06 21:04:01 [@d4eab1fbd493]
External #1: Nothing to launch
2025-08-06 21:04:32 [@d4eab1fbd493]
Internal #1: Launch queuednotification
2025-08-06 21:05:01 [@d4eab1fbd493]
External #1: Nothing to launch
2025-08-06 21:06:01 [@d4eab1fbd493]
External #1: Nothing to launch
2025-08-06 21:07:01 [@d4eab1fbd493]
External #1: Nothing to launch
2025-08-06 21:08:01 [@d4eab1fbd493]
External #1: Nothing to launch
2025-08-06 21:09:01 [@d4eab1fbd493]
External #1: Nothing to launch
2025-08-06 21:10:01 [@d4eab1fbd493]
External #1: Nothing to launch
2025-08-06 21:11:02 [@d4eab1fbd493]
External #1: Nothing to launch
2025-08-06 21:12:01 [@d4eab1fbd493]
External #1: Nothing to launch
2025-08-06 21:13:01 [@d4eab1fbd493]
External #1: Nothing to launch
2025-08-06 21:14:01 [@d4eab1fbd493]
External #1: Nothing to launch
2025-08-06 21:15:01 [@d4eab1fbd493]
External #1: Nothing to launch
2025-08-06 21:16:01 [@d4eab1fbd493]
External #1: Nothing to launch
2025-08-06 21:17:01 [@d4eab1fbd493]
External #1: Nothing to launch
2025-08-06 21:18:01 [@d4eab1fbd493]
External #1: Nothing to launch
2025-08-06 21:19:02 [@d4eab1fbd493]
External #1: Nothing to launch
2025-08-06 21:20:01 [@d4eab1fbd493]
External #1: Nothing to launch
2025-08-06 21:21:01 [@d4eab1fbd493]
External #1: Nothing to launch
2025-08-06 21:22:01 [@d4eab1fbd493]
External #1: Nothing to launch
2025-08-06 21:23:01 [@d4eab1fbd493]
External #1: Launch pendingreason_autobump_autosolve
2025-08-06 21:24:01 [@d4eab1fbd493]
External #1: Nothing to launch
2025-08-06 21:25:01 [@d4eab1fbd493]
External #1: Nothing to launch
2025-08-06 21:26:01 [@d4eab1fbd493]
External #1: Nothing to launch
2025-08-06 21:27:02 [@d4eab1fbd493]
External #1: Nothing to launch
2025-08-06 21:28:01 [@d4eab1fbd493]
External #1: Nothing to launch
2025-08-06 21:29:01 [@d4eab1fbd493]
External #1: Nothing to launch
2025-08-06 21:30:01 [@d4eab1fbd493]
External #1: Nothing to launch
2025-08-06 21:31:01 [@d4eab1fbd493]
External #1: Nothing to launch
2025-08-06 21:32:01 [@d4eab1fbd493]
External #1: Nothing to launch
2025-08-06 21:33:01 [@d4eab1fbd493]
External #1: Nothing to launch
2025-08-06 21:34:01 [@d4eab1fbd493]
External #1: Nothing to launch
2025-08-06 21:35:02 [@d4eab1fbd493]
External #1: Nothing to launch
2025-08-06 21:36:01 [@d4eab1fbd493]
External #1: Nothing to launch
2025-08-06 21:37:01 [@d4eab1fbd493]
External #1: Nothing to launch
2025-08-06 21:38:01 [@d4eab1fbd493]
External #1: Nothing to launch
2025-08-06 21:39:01 [@d4eab1fbd493]
External #1: Nothing to launch
2025-08-06 21:40:01 [@d4eab1fbd493]
External #1: Nothing to launch
2025-08-06 21:41:01 [@d4eab1fbd493]
External #1: Nothing to launch
2025-08-06 21:42:01 [@d4eab1fbd493]
External #1: Nothing to launch
2025-08-06 21:43:01 [@d4eab1fbd493]
External #1: Nothing to launch
2025-08-06 21:44:02 [@d4eab1fbd493]
External #1: Nothing to launch
2025-08-06 21:45:01 [@d4eab1fbd493]
External #1: Nothing to launch
2025-08-06 21:46:01 [@d4eab1fbd493]
External #1: Nothing to launch
2025-08-06 21:47:01 [@d4eab1fbd493]
External #1: Nothing to launch
2025-08-06 21:48:01 [@d4eab1fbd493]
External #1: Nothing to launch
2025-08-06 21:49:01 [@d4eab1fbd493]
External #1: Nothing to launch
2025-08-06 21:50:01 [@d4eab1fbd493]
External #1: Nothing to launch
2025-08-06 21:51:01 [@d4eab1fbd493]
External #1: Nothing to launch
2025-08-06 21:52:02 [@d4eab1fbd493]
External #1: Nothing to launch
2025-08-06 21:53:01 [@d4eab1fbd493]
External #1: Launch pendingreason_autobump_autosolve
2025-08-06 21:54:01 [@d4eab1fbd493]
External #1: Nothing to launch
2025-08-06 21:55:01 [@d4eab1fbd493]
External #1: Nothing to launch
2025-08-06 21:56:01 [@d4eab1fbd493]
External #1: Nothing to launch
2025-08-06 21:57:01 [@d4eab1fbd493]
External #1: Nothing to launch
2025-08-06 21:58:01 [@d4eab1fbd493]
External #1: Nothing to launch
2025-08-06 21:59:01 [@d4eab1fbd493]
External #1: Nothing to launch
2025-08-06 22:00:01 [@d4eab1fbd493]
External #1: Nothing to launch
2025-08-07 09:42:02 [@d4eab1fbd493]
External #1: Launch pendingreason_autobump_autosolve
2025-08-07 09:43:01 [@d4eab1fbd493]
External #1: Nothing to launch
2025-08-07 09:44:01 [@d4eab1fbd493]
External #1: Nothing to launch
2025-08-07 09:45:01 [@d4eab1fbd493]
External #1: Nothing to launch
2025-08-07 09:46:01 [@d4eab1fbd493]
External #1: Nothing to launch
2025-08-07 09:47:01 [@d4eab1fbd493]
External #1: Nothing to launch
2025-08-07 09:48:01 [@d4eab1fbd493]
External #1: Nothing to launch
2025-08-07 09:49:01 [@d4eab1fbd493]
External #1: Nothing to launch
2025-08-07 09:50:02 [@d4eab1fbd493]
External #1: Nothing to launch
2025-08-07 09:51:01 [@d4eab1fbd493]
External #1: Nothing to launch
2025-08-07 09:51:47 [@d4eab1fbd493]
Internal #1: Launch queuednotificationclean
2025-08-07 09:52:01 [@d4eab1fbd493]
External #1: Nothing to launch
2025-08-07 09:53:01 [@d4eab1fbd493]
External #1: Nothing to launch
2025-08-07 09:54:01 [@d4eab1fbd493]
External #1: Nothing to launch
2025-08-07 09:55:01 [@d4eab1fbd493]
External #1: Nothing to launch
2025-08-07 09:56:01 [@d4eab1fbd493]
External #1: Nothing to launch
2025-08-07 09:57:01 [@d4eab1fbd493]
External #1: Nothing to launch
2025-08-07 09:58:02 [@d4eab1fbd493]
External #1: Nothing to launch
2025-08-07 09:59:01 [@d4eab1fbd493]
External #1: Nothing to launch
2025-08-07 10:00:01 [@d4eab1fbd493]
External #1: Nothing to launch
2025-08-07 10:01:01 [@d4eab1fbd493]
External #1: Nothing to launch
2025-08-07 10:02:01 [@d4eab1fbd493]
External #1: Nothing to launch
2025-08-07 10:03:01 [@d4eab1fbd493]
External #1: Nothing to launch
2025-08-07 10:04:01 [@d4eab1fbd493]
External #1: Nothing to launch
2025-08-07 10:05:01 [@d4eab1fbd493]
External #1: Nothing to launch
2025-08-07 10:06:02 [@d4eab1fbd493]
External #1: Nothing to launch
2025-08-07 10:07:01 [@d4eab1fbd493]
External #1: Nothing to launch
2025-08-07 10:08:01 [@d4eab1fbd493]
External #1: Nothing to launch
2025-08-07 10:09:01 [@d4eab1fbd493]
External #1: Nothing to launch
2025-08-07 10:10:01 [@d4eab1fbd493]
External #1: Nothing to launch
2025-08-07 10:11:01 [@d4eab1fbd493]
External #1: Nothing to launch
2025-08-07 10:11:49 [@d4eab1fbd493]
Internal #1: Launch mailgate
2025-08-07 10:12:01 [@d4eab1fbd493]
External #1: Launch pendingreason_autobump_autosolve
2025-08-07 10:13:01 [@d4eab1fbd493]
External #1: Nothing to launch
2025-08-07 10:14:02 [@d4eab1fbd493]
External #1: Nothing to launch
2025-08-07 10:15:01 [@d4eab1fbd493]
External #1: Nothing to launch
2025-08-07 10:16:01 [@d4eab1fbd493]
External #1: Nothing to launch
2025-08-07 10:17:01 [@d4eab1fbd493]
External #1: Nothing to launch
2025-08-07 10:18:01 [@d4eab1fbd493]
External #1: Nothing to launch
2025-08-07 10:19:01 [@d4eab1fbd493]
External #1: Nothing to launch
2025-08-07 10:20:01 [@d4eab1fbd493]
External #1: Nothing to launch
2025-08-07 10:21:01 [@d4eab1fbd493]
External #1: Nothing to launch
2025-08-07 10:22:02 [@d4eab1fbd493]
External #1: Nothing to launch
2025-08-07 10:23:01 [@d4eab1fbd493]
External #1: Nothing to launch
2025-08-07 10:24:01 [@d4eab1fbd493]
External #1: Nothing to launch
2025-08-07 10:25:01 [@d4eab1fbd493]
External #1: Nothing to launch
2025-08-07 10:26:01 [@d4eab1fbd493]
External #1: Nothing to launch
2025-08-07 10:27:01 [@d4eab1fbd493]
External #1: Nothing to launch
2025-08-07 10:28:01 [@d4eab1fbd493]
External #1: Nothing to launch
2025-08-07 10:29:01 [@d4eab1fbd493]
External #1: Nothing to launch
2025-08-07 10:30:02 [@d4eab1fbd493]
External #1: Nothing to launch
2025-08-07 10:31:01 [@d4eab1fbd493]
External #1: Nothing to launch
2025-08-07 10:32:01 [@d4eab1fbd493]
External #1: Nothing to launch
2025-08-07 10:33:01 [@d4eab1fbd493]
External #1: Nothing to launch
2025-08-07 10:34:01 [@d4eab1fbd493]
External #1: Nothing to launch
2025-08-07 10:35:01 [@d4eab1fbd493]
External #1: Nothing to launch
2025-08-07 10:36:01 [@d4eab1fbd493]
External #1: Nothing to launch
2025-08-07 10:37:01 [@d4eab1fbd493]
External #1: Nothing to launch
2025-08-07 10:38:01 [@d4eab1fbd493]
External #1: Nothing to launch
2025-08-07 10:39:02 [@d4eab1fbd493]
External #1: Nothing to launch
2025-08-07 10:40:01 [@d4eab1fbd493]
External #1: Nothing to launch
2025-08-07 10:41:01 [@d4eab1fbd493]
External #1: Nothing to launch
2025-08-07 10:42:01 [@d4eab1fbd493]
External #1: Launch pendingreason_autobump_autosolve
2025-08-07 10:43:01 [@d4eab1fbd493]
External #1: Nothing to launch
2025-08-07 10:44:01 [@d4eab1fbd493]
External #1: Nothing to launch
2025-08-07 10:45:01 [@d4eab1fbd493]
External #1: Nothing to launch
2025-08-07 10:46:01 [@d4eab1fbd493]
External #1: Nothing to launch
2025-08-07 10:47:02 [@d4eab1fbd493]
External #1: Nothing to launch
2025-08-07 10:48:01 [@d4eab1fbd493]
External #1: Nothing to launch
2025-08-07 10:49:01 [@d4eab1fbd493]
External #1: Nothing to launch
2025-08-07 10:50:01 [@d4eab1fbd493]
External #1: Nothing to launch
2025-08-07 10:51:01 [@d4eab1fbd493]
External #1: Nothing to launch
2025-08-07 10:52:01 [@d4eab1fbd493]
External #1: Nothing to launch
2025-08-07 10:53:01 [@d4eab1fbd493]
External #1: Nothing to launch
2025-08-07 10:54:01 [@d4eab1fbd493]
External #1: Nothing to launch
2025-08-07 10:55:01 [@d4eab1fbd493]
External #1: Nothing to launch
2025-08-07 10:56:02 [@d4eab1fbd493]
External #1: Nothing to launch
2025-08-07 10:57:01 [@d4eab1fbd493]
External #1: Nothing to launch
2025-08-07 10:58:01 [@d4eab1fbd493]
External #1: Nothing to launch
2025-08-07 10:59:01 [@d4eab1fbd493]
External #1: Nothing to launch
2025-08-07 11:00:01 [@d4eab1fbd493]
External #1: Nothing to launch
2025-08-07 11:01:01 [@d4eab1fbd493]
External #1: Nothing to launch
2025-08-07 11:02:01 [@d4eab1fbd493]
External #1: Nothing to launch
2025-08-07 11:03:01 [@d4eab1fbd493]
External #1: Nothing to launch
2025-08-07 11:04:01 [@d4eab1fbd493]
External #1: Nothing to launch
2025-08-07 11:05:02 [@d4eab1fbd493]
External #1: Nothing to launch
2025-08-07 11:06:01 [@d4eab1fbd493]
External #1: Nothing to launch
2025-08-07 11:07:01 [@d4eab1fbd493]
External #1: Nothing to launch
2025-08-07 11:08:01 [@d4eab1fbd493]
External #1: Nothing to launch
2025-08-07 11:09:01 [@d4eab1fbd493]
External #1: Nothing to launch
2025-08-07 11:10:01 [@d4eab1fbd493]
External #1: Nothing to launch
2025-08-07 11:11:01 [@d4eab1fbd493]
External #1: Nothing to launch
2025-08-07 11:12:01 [@d4eab1fbd493]
External #1: Launch pendingreason_autobump_autosolve
2025-08-07 11:13:01 [@d4eab1fbd493]
External #1: Nothing to launch
2025-08-07 11:14:02 [@d4eab1fbd493]
External #1: Nothing to launch
2025-08-07 11:15:01 [@d4eab1fbd493]
External #1: Nothing to launch
2025-08-07 11:16:01 [@d4eab1fbd493]
External #1: Nothing to launch
2025-08-07 11:17:01 [@d4eab1fbd493]
External #1: Nothing to launch
2025-08-07 11:18:01 [@d4eab1fbd493]
External #1: Nothing to launch
2025-08-07 11:19:01 [@d4eab1fbd493]
External #1: Nothing to launch
2025-08-07 11:20:01 [@d4eab1fbd493]
External #1: Nothing to launch
2025-08-07 11:21:01 [@d4eab1fbd493]
External #1: Nothing to launch
2025-08-07 11:22:02 [@d4eab1fbd493]
External #1: Nothing to launch
2025-08-07 11:23:01 [@d4eab1fbd493]
External #1: Nothing to launch
2025-08-07 11:24:01 [@d4eab1fbd493]
External #1: Nothing to launch
2025-08-07 11:25:01 [@d4eab1fbd493]
External #1: Nothing to launch
2025-08-07 11:26:01 [@d4eab1fbd493]
External #1: Nothing to launch
2025-08-07 11:27:01 [@d4eab1fbd493]
External #1: Nothing to launch
2025-08-07 11:28:01 [@d4eab1fbd493]
External #1: Nothing to launch
2025-08-07 11:29:01 [@d4eab1fbd493]
External #1: Nothing to launch
2025-08-07 11:30:01 [@d4eab1fbd493]
External #1: Nothing to launch
2025-08-07 11:31:02 [@d4eab1fbd493]
External #1: Nothing to launch
2025-08-07 11:32:01 [@d4eab1fbd493]
External #1: Nothing to launch
2025-08-07 11:33:01 [@d4eab1fbd493]
External #1: Nothing to launch
2025-08-07 11:34:01 [@d4eab1fbd493]
External #1: Nothing to launch
2025-08-07 11:35:01 [@d4eab1fbd493]
External #1: Nothing to launch
2025-08-07 11:36:01 [@d4eab1fbd493]
External #1: Nothing to launch
2025-08-07 11:37:01 [@d4eab1fbd493]
External #1: Nothing to launch
2025-08-07 11:38:01 [@d4eab1fbd493]
External #1: Nothing to launch
2025-08-07 11:39:01 [@d4eab1fbd493]
External #1: Nothing to launch
2025-08-07 11:40:02 [@d4eab1fbd493]
External #1: Nothing to launch
2025-08-07 11:41:01 [@d4eab1fbd493]
External #1: Nothing to launch
2025-08-07 11:42:01 [@d4eab1fbd493]
External #1: Launch pendingreason_autobump_autosolve
2025-08-07 11:43:01 [@d4eab1fbd493]
External #1: Nothing to launch
2025-08-07 11:44:01 [@d4eab1fbd493]
External #1: Nothing to launch
2025-08-07 11:45:01 [@d4eab1fbd493]
External #1: Nothing to launch
2025-08-07 11:46:01 [@d4eab1fbd493]
External #1: Nothing to launch
2025-08-07 11:47:01 [@d4eab1fbd493]
External #1: Nothing to launch
2025-08-07 11:48:01 [@d4eab1fbd493]
External #1: Nothing to launch
2025-08-07 11:49:02 [@d4eab1fbd493]
External #1: Nothing to launch
2025-08-07 11:50:01 [@d4eab1fbd493]
External #1: Nothing to launch
2025-08-07 11:51:01 [@d4eab1fbd493]
External #1: Nothing to launch
2025-08-07 11:52:01 [@d4eab1fbd493]
External #1: Nothing to launch
2025-08-07 11:53:01 [@d4eab1fbd493]
External #1: Nothing to launch
2025-08-07 11:54:01 [@d4eab1fbd493]
External #1: Nothing to launch
2025-08-07 11:55:01 [@d4eab1fbd493]
External #1: Nothing to launch
2025-08-07 11:56:01 [@d4eab1fbd493]
External #1: Nothing to launch
2025-08-07 11:57:02 [@d4eab1fbd493]
External #1: Nothing to launch
2025-08-07 11:58:01 [@d4eab1fbd493]
External #1: Nothing to launch
2025-08-07 11:59:01 [@d4eab1fbd493]
External #1: Nothing to launch
2025-08-07 12:00:01 [@d4eab1fbd493]
External #1: Nothing to launch
2025-08-07 12:01:01 [@d4eab1fbd493]
External #1: Nothing to launch
2025-08-07 12:02:01 [@d4eab1fbd493]
External #1: Nothing to launch
2025-08-07 12:03:01 [@d4eab1fbd493]
External #1: Nothing to launch
2025-08-07 12:04:01 [@d4eab1fbd493]
External #1: Nothing to launch
2025-08-07 12:05:01 [@d4eab1fbd493]
External #1: Nothing to launch
2025-08-07 12:06:02 [@d4eab1fbd493]
External #1: Nothing to launch
2025-08-07 12:07:01 [@d4eab1fbd493]
External #1: Nothing to launch
2025-08-07 12:08:01 [@d4eab1fbd493]
External #1: Nothing to launch
2025-08-07 12:09:01 [@d4eab1fbd493]
External #1: Nothing to launch
2025-08-07 12:10:01 [@d4eab1fbd493]
External #1: Nothing to launch
2025-08-07 12:11:01 [@d4eab1fbd493]
External #1: Nothing to launch
2025-08-07 16:15:02 [@d4eab1fbd493]
External #1: Launch pendingreason_autobump_autosolve
2025-08-07 16:15:02 [@d4eab1fbd493]
External #2: Launch checkAllUpdates
2025-08-07 16:15:02 [@d4eab1fbd493]
External #3: Launch DomainsAlert
2025-08-07 16:15:02 [@d4eab1fbd493]
External #4: Launch Cleanoldagents
2025-08-07 16:16:01 [@d4eab1fbd493]
External #1: Nothing to launch
2025-08-07 16:17:01 [@d4eab1fbd493]
External #1: Nothing to launch
2025-08-07 16:18:01 [@d4eab1fbd493]
External #1: Nothing to launch
2025-08-07 16:19:01 [@d4eab1fbd493]
External #1: Nothing to launch
2025-08-07 16:20:01 [@d4eab1fbd493]
External #1: Nothing to launch
2025-08-07 16:21:01 [@d4eab1fbd493]
External #1: Nothing to launch
2025-08-07 16:22:01 [@d4eab1fbd493]
External #1: Nothing to launch
2025-08-07 16:23:01 [@d4eab1fbd493]
External #1: Nothing to launch
2025-08-07 16:24:02 [@d4eab1fbd493]
External #1: Nothing to launch
2025-08-07 16:25:01 [@d4eab1fbd493]
External #1: Nothing to launch
2025-08-07 16:26:01 [@d4eab1fbd493]
External #1: Nothing to launch
2025-08-07 16:27:01 [@d4eab1fbd493]
External #1: Nothing to launch
2025-08-07 16:28:01 [@d4eab1fbd493]
External #1: Nothing to launch
2025-08-07 16:29:01 [@d4eab1fbd493]
External #1: Nothing to launch
2025-08-07 16:30:01 [@d4eab1fbd493]
External #1: Nothing to launch
2025-08-07 16:31:01 [@d4eab1fbd493]
External #1: Nothing to launch
2025-08-07 16:32:01 [@d4eab1fbd493]
External #1: Nothing to launch
2025-08-07 16:33:02 [@d4eab1fbd493]
External #1: Nothing to launch
2025-08-07 16:34:01 [@d4eab1fbd493]
External #1: Nothing to launch
2025-08-07 16:35:01 [@d4eab1fbd493]
External #1: Nothing to launch
2025-08-07 16:36:01 [@d4eab1fbd493]
External #1: Nothing to launch
2025-08-07 16:37:01 [@d4eab1fbd493]
External #1: Nothing to launch
2025-08-07 16:38:01 [@d4eab1fbd493]
External #1: Nothing to launch
2025-08-07 16:39:01 [@d4eab1fbd493]
External #1: Nothing to launch
2025-08-07 16:40:01 [@d4eab1fbd493]
External #1: Nothing to launch
2025-08-07 16:41:02 [@d4eab1fbd493]
External #1: Nothing to launch
2025-08-07 16:42:01 [@d4eab1fbd493]
External #1: Nothing to launch
2025-08-07 16:43:01 [@d4eab1fbd493]
External #1: Nothing to launch
2025-08-07 16:44:01 [@d4eab1fbd493]
External #1: Nothing to launch
2025-08-07 16:45:01 [@d4eab1fbd493]
External #1: Launch pendingreason_autobump_autosolve
2025-08-07 16:46:01 [@d4eab1fbd493]
External #1: Nothing to launch
2025-08-07 16:47:02 [@d4eab1fbd493]
External #1: Nothing to launch
2025-08-07 16:48:01 [@d4eab1fbd493]
External #1: Nothing to launch
2025-08-07 16:49:01 [@d4eab1fbd493]
External #1: Nothing to launch
2025-08-07 16:50:01 [@d4eab1fbd493]
External #1: Nothing to launch
2025-08-07 16:51:01 [@d4eab1fbd493]
External #1: Nothing to launch
2025-08-07 16:52:01 [@d4eab1fbd493]
External #1: Nothing to launch
2025-08-07 16:53:01 [@d4eab1fbd493]
External #1: Nothing to launch
2025-08-07 16:54:01 [@d4eab1fbd493]
External #1: Nothing to launch
2025-08-07 16:55:01 [@d4eab1fbd493]
External #1: Nothing to launch
2025-08-07 16:56:02 [@d4eab1fbd493]
External #1: Nothing to launch
2025-09-18 19:06:01 [@d4eab1fbd493]
External #1: Launch pendingreason_autobump_autosolve
2025-09-18 19:06:01 [@d4eab1fbd493]
External #2: Launch checkAllUpdates
2025-09-18 19:06:01 [@d4eab1fbd493]
External #3: Launch DomainsAlert
2025-09-18 19:06:01 [@d4eab1fbd493]
External #4: Launch Cleanoldagents
2025-09-18 19:06:01 [@d4eab1fbd493]
External #5: Launch PurgeLogs
2025-09-18 19:07:02 [@d4eab1fbd493]
External #1: Launch cleanorphans
2025-09-18 19:08:01 [@d4eab1fbd493]
External #1: Nothing to launch
2025-09-18 19:09:01 [@d4eab1fbd493]
External #1: Nothing to launch
2025-09-18 19:10:01 [@d4eab1fbd493]
External #1: Nothing to launch
2025-09-18 19:11:01 [@d4eab1fbd493]
External #1: Nothing to launch
2025-09-18 19:12:01 [@d4eab1fbd493]
External #1: Nothing to launch
2025-09-18 19:13:01 [@d4eab1fbd493]
External #1: Nothing to launch
2025-09-18 19:14:01 [@d4eab1fbd493]
External #1: Nothing to launch
2025-09-18 19:15:01 [@d4eab1fbd493]
External #1: Nothing to launch
2025-09-18 19:16:02 [@d4eab1fbd493]
External #1: Nothing to launch
2025-09-18 19:17:01 [@d4eab1fbd493]
External #1: Nothing to launch
2025-09-18 19:18:01 [@d4eab1fbd493]
External #1: Nothing to launch
2025-09-18 19:19:01 [@d4eab1fbd493]
External #1: Nothing to launch
2025-09-18 19:20:01 [@d4eab1fbd493]
External #1: Nothing to launch
2025-09-18 19:21:01 [@d4eab1fbd493]
External #1: Nothing to launch
2025-09-18 19:22:01 [@d4eab1fbd493]
External #1: Nothing to launch
2025-09-18 19:23:01 [@d4eab1fbd493]
External #1: Nothing to launch
2025-09-18 19:24:01 [@d4eab1fbd493]
External #1: Nothing to launch
2025-09-18 19:25:02 [@d4eab1fbd493]
External #1: Nothing to launch
2025-09-18 19:26:01 [@d4eab1fbd493]
External #1: Nothing to launch
2025-09-18 19:27:01 [@d4eab1fbd493]
External #1: Nothing to launch
2025-09-18 19:28:01 [@d4eab1fbd493]
External #1: Nothing to launch
2025-09-18 19:29:01 [@d4eab1fbd493]
External #1: Nothing to launch
2025-09-18 19:30:01 [@d4eab1fbd493]
External #1: Nothing to launch
2025-09-18 19:31:01 [@d4eab1fbd493]
External #1: Nothing to launch
